twa/android/generated/app/build/outputs/mapping/release/seeds.txt
ae.servia.app.DelegationService
ae.servia.app.QuickQuoteWidget
ae.servia.app.DailyTipWidget
ae.servia.app.WhatsAppSupportWidget
ae.servia.app.AskServiaWidget
ae.servia.app.LoyaltyPointsWidget
ae.servia.app.TrackBookingWidget
ae.servia.app.SearchWidget
ae.servia.app.UpcomingBookingWidget
ae.servia.app.LauncherActivity
ae.servia.app.QuickBookWidget
ae.servia.app.Application
ae.servia.app.LauncherActivity: LauncherActivity()
ae.servia.app.Application: Application()
ae.servia.app.TrackBookingWidget: TrackBookingWidget()
ae.servia.app.QuickBookWidget: QuickBookWidget()
ae.servia.app.DelegationService: DelegationService()
ae.servia.app.UpcomingBookingWidget: UpcomingBookingWidget()
ae.servia.app.AskServiaWidget: AskServiaWidget()
ae.servia.app.QuickQuoteWidget: QuickQuoteWidget()
ae.servia.app.DailyTipWidget: DailyTipWidget()
ae.servia.app.LoyaltyPointsWidget: LoyaltyPointsWidget()
ae.servia.app.SearchWidget: SearchWidget()
ae.servia.app.WhatsAppSupportWidget: WhatsAppSupportWidget()
...
androidx.appcompat.widget.LinearLayoutCompat: float getWeightSum()
androidx.appcompat.widget.ContentFrameLayout: void setAttachListener(androidx.appcompat.widget.ContentFrameLayout$OnAttachListener)
androidx.core.view.ViewCompat$Api29Impl: java.util.List getSystemGestureExclusionRects(android.view.View)
androidx.profileinstaller.ProfileInstallerInitializer: ProfileInstallerInitializer()
androidx.emoji2.text.EmojiCompatInitializer: EmojiCompatInitializer()
androidx.lifecycle.ReportFragment$LifecycleCallbacks: void onActivityCreated(android.app.Activity,android.os.Bundle)
androidx.appcompat.widget.Toolbar: void setCollapseIcon(android.graphics.drawable.Drawable)
androidx.appcompat.widget.ContentFrameLayout: android.util.TypedValue getMinWidthMinor()
androidx.core.view.WindowInsetsCompat$BuilderImpl: void setSystemGestureInsets(androidx.core.graphics.Insets)
androidx.appcompat.widget.AppCompatImageView: android.graphics.PorterDuff$Mode getSupportImageTintMode()
androidx.lifecycle.ProcessLifecycleOwner$attach$1: void onActivityPreCreated(android.app.Activity,android.os.Bundle)
androidx.appcompat.widget.AppCompatTextView: int getAutoSizeStepGranularity()
androidx.appcompat.widget.AppCompatTextHelper$Api24Impl: android.os.LocaleList forLanguageTags(java.lang.String)
androidx.core.view.DisplayCutoutCompat$Api28Impl: java.util.List getBoundingRects(android.view.DisplayCutout)
androidx.appcompat.widget.Toolbar: java.lang.CharSequence getSubtitle()
androidx.core.view.ViewParentCompat$Api21Impl: void onStopNestedScroll(android.view.ViewParent,android.view.View)
androidx.core.widget.ImageViewCompat$Api21Impl: void setImageTintList(android.widget.ImageView,android.content.res.ColorStateList)
androidx.lifecycle.EmptyActivityLifecycleCallbacks: void onActivityStarted(android.app.Activity)
androidx.core.view.ViewCompat$Api21Impl: boolean hasNestedScrollingParent(android.view.View)
androidx.core.view.DisplayCutoutCompat$Api28Impl: int getSafeInsetLeft(android.view.DisplayCutout)
androidx.appcompat.widget.AppCompatTextView: void setPrecomputedText(androidx.core.text.PrecomputedTextCompat)
androidx.core.view.WindowInsetsCompat$BuilderImpl29: void setTappableElementInsets(androidx.core.graphics.Insets)
androidx.appcompat.widget.AppCompatTextView: android.view.textclassifier.TextClassifier getTextClassifier()
androidx.core.graphics.drawable.DrawableCompat$Api21Impl: void setHotspot(android.graphics.drawable.Drawable,float,float)
androidx.core.view.ViewCompat$Api30Impl: boolean isImportantForContentCapture(android.view.View)
androidx.appcompat.widget.LinearLayoutCompat: void setDividerPadding(int)
androidx.core.view.ViewCompat$Api21Impl: void stopNestedScroll(android.view.View)
androidx.appcompat.widget.LinearLayoutCompat: int getBaselineAlignedChildIndex()
androidx.core.widget.TextViewCompat$Api23Impl: android.graphics.PorterDuff$Mode getCompoundDrawableTintMode(android.widget.TextView)
androidx.appcompat.widget.SearchView$SearchAutoComplete: SearchView$SearchAutoComplete(android.content.Context,android.util.AttributeSet)
androidx.appcompat.app.AlertController$RecycleListView: AlertController$RecycleListView(android.content.Context,android.util.AttributeSet)
androidx.appcompat.view.menu.ExpandedMenuView: int getWindowAnimations()
androidx.appcompat.widget.Toolbar: int getPopupTheme()
androidx.lifecycle.ProcessLifecycleOwner$attach$1: void onActivityCreated(android.app.Activity,android.os.Bundle)
androidx.appcompat.widget.AppCompatImageView: void setImageBitmap(android.graphics.Bitmap)
androidx.core.view.ViewCompat$Api21Impl: float getZ(android.view.View)
androidx.appcompat.widget.ActionBarContainer: void setSplitBackground(android.graphics.drawable.Drawable)
androidx.core.widget.NestedScrollView: float getBottomFadingEdgeStrength()
androidx.core.view.accessibility.AccessibilityNodeInfoCompat$Api34Impl: boolean hasRequestInitialAccessibilityFocus(android.view.accessibility.AccessibilityNodeInfo)