twa/android/generated/app/build/outputs/mapping/release/mapping.txt
# compiler: R8
# compiler_version: 8.9.32
# min_api: 21
# common_typos_disable
# {"id":"com.android.tools.r8.mapping","version":"2.2"}
# pg_map_id: 5c55881
# pg_map_hash: SHA-256 5c5588192f24a6c0b2557f96f18b8bd4f12c54bacb314dd1c2e22da216c9b3b9
ae.servia.app.Application -> ae.servia.app.Application:
# {"id":"sourceFile","fileName":"Application.java"}
    1:4:void <init>():20:20 -> <init>
    1:4:void onCreate():26:26 -> onCreate
ae.servia.app.AskServiaWidget -> ae.servia.app.AskServiaWidget:
# {"id":"sourceFile","fileName":"AskServiaWidget.java"}
    1:4:void <init>():19:19 -> <init>
    1:13:android.app.PendingIntent openUrl(android.content.Context,java.lang.String,int):37:37 -> a
    14:18:android.app.PendingIntent openUrl(android.content.Context,java.lang.String,int):38:38 -> a
    19:23:android.app.PendingIntent openUrl(android.content.Context,java.lang.String,int):39:39 -> a
    1:6:void onUpdate(android.content.Context,android.appwidget.AppWidgetManager,int[]):22:22 -> onUpdate
    7:17:void onUpdate(android.content.Context,android.appwidget.AppWidgetManager,int[]):23:23 -> onUpdate
    18:21:void onUpdate(android.content.Context,android.appwidget.AppWidgetManager,int[]):25:25 -> onUpdate
    22:27:void onUpdate(android.content.Context,android.appwidget.AppWidgetManager,int[]):26:26 -> onUpdate
    28:30:void onUpdate(android.content.Context,android.appwidget.AppWidgetManager,int[]):25:25 -> onUpdate
    31:34:void onUpdate(android.content.Context,android.appwidget.AppWidgetManager,int[]):27:27 -> onUpdate
    35:40:void onUpdate(android.content.Context,android.appwidget.AppWidgetManager,int[]):28:28 -> onUpdate
    41:43:void onUpdate(android.content.Context,android.appwidget.AppWidgetManager,int[]):27:27 -> onUpdate
    44:47:void onUpdate(android.content.Context,android.appwidget.AppWidgetManager,int[]):29:29 -> onUpdate
ae.servia.app.DailyTipWidget -> ae.servia.app.DailyTipWidget:
# {"id":"sourceFile","fileName":"DailyTipWidget.java"}
    java.lang.String[] TIPS -> a
    1:27:void <clinit>():19:19 -> <clinit>
    1:4:void <init>():18:18 -> <init>
    1:5:void onUpdate(android.content.Context,android.appwidget.AppWidgetManager,int[]):34:34 -> onUpdate
    6:9:void onUpdate(android.content.Context,android.appwidget.AppWidgetManager,int[]):35:35 -> onUpdate
    10:15:void onUpdate(android.content.Context,android.appwidget.AppWidgetManager,int[]):36:36 -> onUpdate
    16:21:void onUpdate(android.content.Context,android.appwidget.AppWidgetManager,int[]):37:37 -> onUpdate
    22:32:void onUpdate(android.content.Context,android.appwidget.AppWidgetManager,int[]):38:38 -> onUpdate
    33:37:void onUpdate(android.content.Context,android.appwidget.AppWidgetManager,int[]):40:40 -> onUpdate
    38:52:void onUpdate(android.content.Context,android.appwidget.AppWidgetManager,int[]):41:41 -> onUpdate
    53:55:void onUpdate(android.content.Context,android.appwidget.AppWidgetManager,int[]):43:43 -> onUpdate
    56:59:void onUpdate(android.content.Context,android.appwidget.AppWidgetManager,int[]):44:44 -> onUpdate
    60:63:void onUpdate(android.content.Context,android.appwidget.AppWidgetManager,int[]):45:45 -> onUpdate
    64:66:void onUpdate(android.content.Context,android.appwidget.AppWidgetManager,int[]):44:44 -> onUpdate
ae.servia.app.DelegationService -> ae.servia.app.DelegationService:
# {"id":"sourceFile","fileName":"DelegationService.java"}
    1:4:void <init>():5:5 -> <init>
    1:4:void onCreate():9:9 -> onCreate
ae.servia.app.LauncherActivity -> ae.servia.app.LauncherActivity:
# {"id":"sourceFile","fileName":"LauncherActivity.java"}
    1:4:void <init>():25:25 -> <init>
    1:5:android.net.Uri getLaunchingUrl():48:48 -> i
    1:3:void onCreate(android.os.Bundle):33:33 -> onCreate
    4:11:void onCreate(android.os.Bundle):38:38 -> onCreate
    12:16:void onCreate(android.os.Bundle):39:39 -> onCreate
    17:20:void onCreate(android.os.Bundle):41:41 -> onCreate
...
androidx.appcompat.view.menu.CascadingMenuPopup$2 -> androidx.appcompat.view.menu.b$b:
# {"id":"sourceFile","fileName":"CascadingMenuPopup.java"}
    androidx.appcompat.view.menu.CascadingMenuPopup this$0 -> a
      # {"id":"com.android.tools.r8.residualsignature","signature":"Landroidx/appcompat/view/menu/b;"}
    1:6:void <init>(androidx.appcompat.view.menu.CascadingMenuPopup):119:119 -> <init>
      # {"id":"com.android.tools.r8.residualsignature","signature":"(Landroidx/appcompat/view/menu/b;)V"}
    1:6:void onViewDetachedFromWindow(android.view.View):126:126 -> onViewDetachedFromWindow
    7:12:void onViewDetachedFromWindow(android.view.View):127:127 -> onViewDetachedFromWindow
    13:20:void onViewDetachedFromWindow(android.view.View):128:128 -> onViewDetachedFromWindow
    21:29:void onViewDetachedFromWindow(android.view.View):130:130 -> onViewDetachedFromWindow
    30:33:void onViewDetachedFromWindow(android.view.View):132:132 -> onViewDetachedFromWindow
androidx.appcompat.view.menu.CascadingMenuPopup$3 -> androidx.appcompat.view.menu.b$c:
# {"id":"sourceFile","fileName":"CascadingMenuPopup.java"}
    androidx.appcompat.view.menu.CascadingMenuPopup this$0 -> a
      # {"id":"com.android.tools.r8.residualsignature","signature":"Landroidx/appcompat/view/menu/b;"}
    1:6:void <init>(androidx.appcompat.view.menu.CascadingMenuPopup):136:136 -> <init>
      # {"id":"com.android.tools.r8.residualsignature","signature":"(Landroidx/appcompat/view/menu/b;)V"}
    1:8:void onItemHoverEnter(androidx.appcompat.view.menu.MenuBuilder,android.view.MenuItem):149:149 -> a
      # {"id":"com.android.tools.r8.residualsignature","signature":"(Landroidx/appcompat/view/menu/d;Landroid/view/MenuItem;)V"}
    9:20:void onItemHoverEnter(androidx.appcompat.view.menu.MenuBuilder,android.view.MenuItem):153:153 -> a
    21:44:void onItemHoverEnter(androidx.appcompat.view.menu.MenuBuilder,android.view.MenuItem):154:154 -> a
    45:54:void onItemHoverEnter(androidx.appcompat.view.menu.MenuBuilder,android.view.MenuItem):166:166 -> a
    55:65:void onItemHoverEnter(androidx.appcompat.view.menu.MenuBuilder,android.view.MenuItem):167:167 -> a
    66:70:void onItemHoverEnter(androidx.appcompat.view.menu.MenuBuilder,android.view.MenuItem):172:172 -> a
    71:77:void onItemHoverEnter(androidx.appcompat.view.menu.MenuBuilder,android.view.MenuItem):191:191 -> a
androidx.appcompat.view.menu.CascadingMenuPopup$3$1 -> androidx.appcompat.view.menu.b$c$a:
# {"id":"sourceFile","fileName":"CascadingMenuPopup.java"}
    androidx.appcompat.view.menu.CascadingMenuPopup$CascadingMenuInfo val$nextInfo -> a
      # {"id":"com.android.tools.r8.residualsignature","signature":"Landroidx/appcompat/view/menu/b$d;"}
    android.view.MenuItem val$item -> b
    androidx.appcompat.view.menu.MenuBuilder val$menu -> c
      # {"id":"com.android.tools.r8.residualsignature","signature":"Landroidx/appcompat/view/menu/d;"}
    androidx.appcompat.view.menu.CascadingMenuPopup$3 this$1 -> d
      # {"id":"com.android.tools.r8.residualsignature","signature":"Landroidx/appcompat/view/menu/b$c;"}
    1:12:void <init>(androidx.appcompat.view.menu.CascadingMenuPopup$3,androidx.appcompat.view.menu.CascadingMenuPopup$CascadingMenuInfo,android.view.MenuItem,androidx.appcompat.view.menu.MenuBuilder):172:172 -> <init>
      # {"id":"com.android.tools.r8.residualsignature","signature":"(Landroidx/appcompat/view/menu/b$c;Landroidx/appcompat/view/menu/b$d;Landroid/view/MenuItem;Landroidx/appcompat/view/menu/d;)V"}
    1:4:void run():177:177 -> run
    5:11:void run():180:180 -> run
    12:17:void run():181:181 -> run
    18:23:void run():182:182 -> run
    24:39:void run():186:186 -> run
    40:48:void run():187:187 -> run