twa/android/generated/app/build/outputs/mapping/release/usage.txt
ae.servia.app.R$array
ae.servia.app.R$bool
ae.servia.app.R$color
ae.servia.app.R$drawable
ae.servia.app.R$id:
    private void <init>()
ae.servia.app.R$integer
ae.servia.app.R$layout:
    private void <init>()
ae.servia.app.R$mipmap
ae.servia.app.R$raw
ae.servia.app.R$string
ae.servia.app.R$xml
ae.servia.app.R
ae.servia.app.WhatsAppSupportWidget:
    private static final java.lang.String WA_NUMBER
...
androidx.core.view.NestedScrollingParent:
    public abstract int getNestedScrollAxes()
androidx.core.view.NestedScrollingParentHelper:
    public void onStopNestedScroll(android.view.View)
androidx.core.view.OnReceiveContentListener
androidx.core.view.OnReceiveContentViewBehavior:
    public abstract androidx.core.view.ContentInfoCompat onReceiveContent(androidx.core.view.ContentInfoCompat)
androidx.core.view.OneShotPreDrawListener
androidx.core.view.PointerIconCompat$Api24Impl
androidx.core.view.PointerIconCompat
androidx.core.view.ScaleGestureDetectorCompat
androidx.core.view.ScrollingView
androidx.core.view.SoftwareKeyboardControllerCompat$Impl20
androidx.core.view.SoftwareKeyboardControllerCompat$Impl30
androidx.core.view.SoftwareKeyboardControllerCompat$Impl
androidx.core.view.SoftwareKeyboardControllerCompat
androidx.core.view.TreeIterator
androidx.core.view.VelocityTrackerCompat$Api34Impl:
    private void <init>()
androidx.core.view.VelocityTrackerCompat$VelocityTrackableMotionEventAxis
androidx.core.view.VelocityTrackerCompat:
    private void <init>()
    public static void clear(android.view.VelocityTracker)
    public static float getAxisVelocity(android.view.VelocityTracker,int,int)
    public static float getXVelocity(android.view.VelocityTracker,int)
    public static float getYVelocity(android.view.VelocityTracker,int)
    public static boolean isAxisSupported(android.view.VelocityTracker,int)
    public static void recycle(android.view.VelocityTracker)
    private static void removeFallbackForTracker(android.view.VelocityTracker)
androidx.core.view.VelocityTrackerFallback:
    private static final long ASSUME_POINTER_STOPPED_MS
    private static final int HISTORY_SIZE
    private static final long RANGE_MS
    void computeCurrentVelocity(int)
androidx.core.view.ViewCompat$$InternalSyntheticLambda$1$e3cdbeb62374cdd4f3b5b60cae1e30d9577b5e988cde694d4987a36632fcbb6b$0:
    public final androidx.core.view.ContentInfoCompat onReceiveContent(androidx.core.view.ContentInfoCompat)
androidx.core.view.ViewCompat$Api20Impl:
    private void <init>()
androidx.core.view.ViewCompat$Api21Impl:
    private void <init>()
androidx.core.view.ViewCompat$Api23Impl:
    private void <init>()
androidx.core.view.ViewCompat$Api24Impl
androidx.core.view.ViewCompat$Api26Impl
androidx.core.view.ViewCompat$Api28Impl:
    private void <init>()
androidx.core.view.ViewCompat$Api29Impl:
    private void <init>()
androidx.core.view.ViewCompat$Api30Impl:
    private void <init>()
    public static androidx.core.view.WindowInsetsControllerCompat getWindowInsetsController(android.view.View)
androidx.core.view.ViewCompat$Api31Impl
androidx.core.view.ViewCompat$FocusDirection
androidx.core.view.ViewCompat$FocusRealDirection
androidx.core.view.ViewCompat$FocusRelativeDirection
androidx.core.view.ViewCompat$NestedScrollType
androidx.core.view.ViewCompat$OnReceiveContentListenerAdapter
androidx.core.view.ViewCompat$ScrollAxis
androidx.core.view.ViewCompat$ScrollIndicators
androidx.core.view.ViewCompat$UnhandledKeyEventManager